play-thread-1-ERROR-[2013-09-12 18:03:55,434]-play.Logger.niceThrowable(Logger.java:571)-

@6fho8i2kd
Internal Server Error (500) for request POST /newsct/examinenews

Compilation error (In /app/controllers/MessageIndexCt.java around line 322)
The file /app/controllers/MessageIndexCt.java could not be compiled. Error raised is : messageIndexDtoList cannot be resolved to a variable

play.exceptions.CompilationException: messageIndexDtoList cannot be resolved to a variable
	at play.classloading.ApplicationCompiler$2.acceptResult(ApplicationCompiler.java:246)
	at org.eclipse.jdt.internal.compiler.Compiler.handleInternalException(Compiler.java:676)
	at org.eclipse.jdt.internal.compiler.Compiler.compile(Compiler.java:520)
	at play.classloading.ApplicationCompiler.compile(ApplicationCompiler.java:282)
	at play.classloading.ApplicationClasses$ApplicationClass.compile(ApplicationClasses.java:281)
	at play.classloading.ApplicationClassloader.detectChanges(ApplicationClassloader.java:322)
	at play.Play.detectChanges(Play.java:632)
	at play.Invoker$Invocation.init(Invoker.java:197)
	at Invocation.HTTP Request(Play!)
play-thread-1-ERROR-[2013-09-12 18:04:06,343]-play.Logger.niceThrowable(Logger.java:571)-

@6fho8i2ke
Internal Server Error (500) for request POST /newsct/examinenews

Compilation error (In /app/controllers/MessageIndexCt.java around line 322)
The file /app/controllers/MessageIndexCt.java could not be compiled. Error raised is : messageIndexDtoList cannot be resolved to a variable

play.exceptions.CompilationException: messageIndexDtoList cannot be resolved to a variable
	at play.classloading.ApplicationCompiler$2.acceptResult(ApplicationCompiler.java:246)
	at org.eclipse.jdt.internal.compiler.Compiler.handleInternalException(Compiler.java:676)
	at org.eclipse.jdt.internal.compiler.Compiler.compile(Compiler.java:520)
	at play.classloading.ApplicationCompiler.compile(ApplicationCompiler.java:282)
	at play.classloading.ApplicationClasses$ApplicationClass.compile(ApplicationClasses.java:281)
	at play.classloading.ApplicationClassloader.detectChanges(ApplicationClassloader.java:322)
	at play.Play.detectChanges(Play.java:632)
	at play.Invoker$Invocation.init(Invoker.java:197)
	at Invocation.HTTP Request(Play!)
 main-ERROR-[2013-09-22 10:00:22,358]-play.Logger.error(Logger.java:400)-Could not bind on port 9200
