 main- INFO-[2014-01-10 17:34:39,266]-play.Logger.info(Logger.java:290)-Starting E:\f10workspace\f10
 main- INFO-[2014-01-10 17:34:41,329]-play.Logger.info(Logger.java:290)-Module redis is available (E:\javaTools\play1\modules\redis-0.3)
 main- INFO-[2014-01-10 17:34:41,345]-play.Logger.info(Logger.java:290)-Module excel is available (E:\javaTools\play1\modules\excel-1.2.3)
 main- INFO-[2014-01-10 17:34:41,345]-play.Logger.info(Logger.java:290)-Module f10doc is available (E:\f10workspace\f10\..\f10doc)
 main- INFO-[2014-01-10 17:34:41,345]-play.Logger.info(Logger.java:290)-Module f10Common is available (E:\f10workspace\f10\..\f10Common)
 main- WARN-[2014-01-10 17:34:42,361]-play.Logger.warn(Logger.java:345)-You're running Play! in DEV mode
 main- INFO-[2014-01-10 17:34:42,439]-play.Logger.info(Logger.java:290)-Listening for HTTP on port 9200 (Waiting a first request to start) ...
play-thread-1- INFO-[2014-01-10 17:36:13,206]-play.Logger.info(Logger.java:290)-Connecting to redis with redis://localhost:6379
play-thread-1- INFO-[2014-01-10 17:36:14,081]-play.Logger.info(Logger.java:290)-Connected to jdbc:h2:mem:mem;MODE=MYSQL;DB_CLOSE_ON_EXIT=FALSE
play-thread-1- INFO-[2014-01-10 17:36:14,488]-play.Logger.info(Logger.java:290)-sql==/* mysql-connector-java-5.1.20 ( Revision: tonci.grgin@oracle.com-20111003110438-qfydx066wsbydkbw ) */SHOW VARIABLES WHERE Variable_name ='language' OR Variable_name = 'net_write_timeout' OR Variable_name = 'interactive_timeout' OR Variable_name = 'wait_timeout' OR Variable_name = 'character_set_client' OR Variable_name = 'character_set_connection' OR Variable_name = 'character_set' OR Variable_name = 'character_set_server' OR Variable_name = 'tx_isolation' OR Variable_name = 'transaction_isolation' OR Variable_name = 'character_set_results' OR Variable_name = 'timezone' OR Variable_name = 'time_zone' OR Variable_name = 'system_time_zone' OR Variable_name = 'lower_case_table_names' OR Variable_name = 'max_allowed_packet' OR Variable_name = 'net_buffer_length' OR Variable_name = 'sql_mode' OR Variable_name = 'query_cache_type' OR Variable_name = 'query_cache_size' OR Variable_name = 'init_connect'
play-thread-1- INFO-[2014-01-10 17:36:14,535]-play.Logger.info(Logger.java:290)-sql==/* mysql-connector-java-5.1.20 ( Revision: tonci.grgin@oracle.com-20111003110438-qfydx066wsbydkbw ) */SELECT @@session.auto_increment_increment
play-thread-1- INFO-[2014-01-10 17:36:14,535]-play.Logger.info(Logger.java:290)-sql==SHOW COLLATION
play-thread-1- INFO-[2014-01-10 17:36:14,550]-play.Logger.info(Logger.java:290)-sql==SET NAMES utf8
play-thread-1- INFO-[2014-01-10 17:36:14,550]-play.Logger.info(Logger.java:290)-sql==SET character_set_results = NULL
play-thread-1- INFO-[2014-01-10 17:36:14,550]-play.Logger.info(Logger.java:290)-sql==SET collation_connection = utf8_general_ci
play-thread-1- INFO-[2014-01-10 17:36:14,550]-play.Logger.info(Logger.java:290)-sql==SET autocommit=1
play-thread-1- INFO-[2014-01-10 17:36:14,550]-play.Logger.info(Logger.java:290)-sql==SET sql_mode='STRICT_TRANS_TABLES'
com.mchange.v2.async.ThreadPoolAsynchronousRunner$PoolThread-#1- INFO-[2014-01-10 17:36:14,566]-play.Logger.info(Logger.java:290)-sql==/* mysql-connector-java-5.1.20 ( Revision: tonci.grgin@oracle.com-20111003110438-qfydx066wsbydkbw ) */SHOW VARIABLES WHERE Variable_name ='language' OR Variable_name = 'net_write_timeout' OR Variable_name = 'interactive_timeout' OR Variable_name = 'wait_timeout' OR Variable_name = 'character_set_client' OR Variable_name = 'character_set_connection' OR Variable_name = 'character_set' OR Variable_name = 'character_set_server' OR Variable_name = 'tx_isolation' OR Variable_name = 'transaction_isolation' OR Variable_name = 'character_set_results' OR Variable_name = 'timezone' OR Variable_name = 'time_zone' OR Variable_name = 'system_time_zone' OR Variable_name = 'lower_case_table_names' OR Variable_name = 'max_allowed_packet' OR Variable_name = 'net_buffer_length' OR Variable_name = 'sql_mode' OR Variable_name = 'query_cache_type' OR Variable_name = 'query_cache_size' OR Variable_name = 'init_connect'
com.mchange.v2.async.ThreadPoolAsynchronousRunner$PoolThread-#2- INFO-[2014-01-10 17:36:14,566]-play.Logger.info(Logger.java:290)-sql==/* mysql-connector-java-5.1.20 ( Revision: tonci.grgin@oracle.com-20111003110438-qfydx066wsbydkbw ) */SHOW VARIABLES WHERE Variable_name ='language' OR Variable_name = 'net_write_timeout' OR Variable_name = 'interactive_timeout' OR Variable_name = 'wait_timeout' OR Variable_name = 'character_set_client' OR Variable_name = 'character_set_connection' OR Variable_name = 'character_set' OR Variable_name = 'character_set_server' OR Variable_name = 'tx_isolation' OR Variable_name = 'transaction_isolation' OR Variable_name = 'character_set_results' OR Variable_name = 'timezone' OR Variable_name = 'time_zone' OR Variable_name = 'system_time_zone' OR Variable_name = 'lower_case_table_names' OR Variable_name = 'max_allowed_packet' OR Variable_name = 'net_buffer_length' OR Variable_name = 'sql_mode' OR Variable_name = 'query_cache_type' OR Variable_name = 'query_cache_size' OR Variable_name = 'init_connect'
com.mchange.v2.async.ThreadPoolAsynchronousRunner$PoolThread-#0- INFO-[2014-01-10 17:36:14,566]-play.Logger.info(Logger.java:290)-sql==/* mysql-connector-java-5.1.20 ( Revision: tonci.grgin@oracle.com-20111003110438-qfydx066wsbydkbw ) */SHOW VARIABLES WHERE Variable_name ='language' OR Variable_name = 'net_write_timeout' OR Variable_name = 'interactive_timeout' OR Variable_name = 'wait_timeout' OR Variable_name = 'character_set_client' OR Variable_name = 'character_set_connection' OR Variable_name = 'character_set' OR Variable_name = 'character_set_server' OR Variable_name = 'tx_isolation' OR Variable_name = 'transaction_isolation' OR Variable_name = 'character_set_results' OR Variable_name = 'timezone' OR Variable_name = 'time_zone' OR Variable_name = 'system_time_zone' OR Variable_name = 'lower_case_table_names' OR Variable_name = 'max_allowed_packet' OR Variable_name = 'net_buffer_length' OR Variable_name = 'sql_mode' OR Variable_name = 'query_cache_type' OR Variable_name = 'query_cache_size' OR Variable_name = 'init_connect'
com.mchange.v2.async.ThreadPoolAsynchronousRunner$PoolThread-#1- INFO-[2014-01-10 17:36:14,582]-play.Logger.info(Logger.java:290)-sql==/* mysql-connector-java-5.1.20 ( Revision: tonci.grgin@oracle.com-20111003110438-qfydx066wsbydkbw ) */SELECT @@session.auto_increment_increment
com.mchange.v2.async.ThreadPoolAsynchronousRunner$PoolThread-#2- INFO-[2014-01-10 17:36:14,582]-play.Logger.info(Logger.java:290)-sql==/* mysql-connector-java-5.1.20 ( Revision: tonci.grgin@oracle.com-20111003110438-qfydx066wsbydkbw ) */SELECT @@session.auto_increment_increment
com.mchange.v2.async.ThreadPoolAsynchronousRunner$PoolThread-#0- INFO-[2014-01-10 17:36:14,582]-play.Logger.info(Logger.java:290)-sql==/* mysql-connector-java-5.1.20 ( Revision: tonci.grgin@oracle.com-20111003110438-qfydx066wsbydkbw ) */SELECT @@session.auto_increment_increment
com.mchange.v2.async.ThreadPoolAsynchronousRunner$PoolThread-#1- INFO-[2014-01-10 17:36:14,582]-play.Logger.info(Logger.java:290)-sql==SHOW COLLATION
com.mchange.v2.async.ThreadPoolAsynchronousRunner$PoolThread-#2- INFO-[2014-01-10 17:36:14,582]-play.Logger.info(Logger.java:290)-sql==SHOW COLLATION
com.mchange.v2.async.ThreadPoolAsynchronousRunner$PoolThread-#0- INFO-[2014-01-10 17:36:14,582]-play.Logger.info(Logger.java:290)-sql==SHOW COLLATION
com.mchange.v2.async.ThreadPoolAsynchronousRunner$PoolThread-#1- INFO-[2014-01-10 17:36:14,597]-play.Logger.info(Logger.java:290)-sql==SET NAMES utf8
com.mchange.v2.async.ThreadPoolAsynchronousRunner$PoolThread-#2- INFO-[2014-01-10 17:36:14,613]-play.Logger.info(Logger.java:290)-sql==SET NAMES utf8
com.mchange.v2.async.ThreadPoolAsynchronousRunner$PoolThread-#1- INFO-[2014-01-10 17:36:14,613]-play.Logger.info(Logger.java:290)-sql==SET character_set_results = NULL
com.mchange.v2.async.ThreadPoolAsynchronousRunner$PoolThread-#2- INFO-[2014-01-10 17:36:14,613]-play.Logger.info(Logger.java:290)-sql==SET character_set_results = NULL
com.mchange.v2.async.ThreadPoolAsynchronousRunner$PoolThread-#1- INFO-[2014-01-10 17:36:14,613]-play.Logger.info(Logger.java:290)-sql==SET collation_connection = utf8_general_ci
com.mchange.v2.async.ThreadPoolAsynchronousRunner$PoolThread-#0- INFO-[2014-01-10 17:36:14,613]-play.Logger.info(Logger.java:290)-sql==SET NAMES utf8
com.mchange.v2.async.ThreadPoolAsynchronousRunner$PoolThread-#2- INFO-[2014-01-10 17:36:14,613]-play.Logger.info(Logger.java:290)-sql==SET collation_connection = utf8_general_ci
com.mchange.v2.async.ThreadPoolAsynchronousRunner$PoolThread-#1- INFO-[2014-01-10 17:36:14,613]-play.Logger.info(Logger.java:290)-sql==SET autocommit=1
com.mchange.v2.async.ThreadPoolAsynchronousRunner$PoolThread-#0- INFO-[2014-01-10 17:36:14,613]-play.Logger.info(Logger.java:290)-sql==SET character_set_results = NULL
com.mchange.v2.async.ThreadPoolAsynchronousRunner$PoolThread-#1- INFO-[2014-01-10 17:36:14,613]-play.Logger.info(Logger.java:290)-sql==SET sql_mode='STRICT_TRANS_TABLES'
com.mchange.v2.async.ThreadPoolAsynchronousRunner$PoolThread-#2- INFO-[2014-01-10 17:36:14,613]-play.Logger.info(Logger.java:290)-sql==SET autocommit=1
com.mchange.v2.async.ThreadPoolAsynchronousRunner$PoolThread-#2- INFO-[2014-01-10 17:36:14,613]-play.Logger.info(Logger.java:290)-sql==SET sql_mode='STRICT_TRANS_TABLES'
com.mchange.v2.async.ThreadPoolAsynchronousRunner$PoolThread-#1- INFO-[2014-01-10 17:36:14,613]-play.Logger.info(Logger.java:290)-sql==SELECT @@session.tx_isolation
com.mchange.v2.async.ThreadPoolAsynchronousRunner$PoolThread-#0- INFO-[2014-01-10 17:36:14,613]-play.Logger.info(Logger.java:290)-sql==SET collation_connection = utf8_general_ci
com.mchange.v2.async.ThreadPoolAsynchronousRunner$PoolThread-#2- INFO-[2014-01-10 17:36:14,613]-play.Logger.info(Logger.java:290)-sql==SELECT @@session.tx_isolation
play-thread-1- INFO-[2014-01-10 17:36:14,628]-play.Logger.info(Logger.java:290)-Connected to jdbc:mysql://192.168.103.108/qic_db?useUnicode=yes&characterEncoding=UTF-8&connectionCollation=utf8_general_ci&statementInterceptors=com.tom.mysql.ShowSqlStatementInterceptor
com.mchange.v2.async.ThreadPoolAsynchronousRunner$PoolThread-#0- INFO-[2014-01-10 17:36:14,628]-play.Logger.info(Logger.java:290)-sql==SET autocommit=1
com.mchange.v2.async.ThreadPoolAsynchronousRunner$PoolThread-#0- INFO-[2014-01-10 17:36:14,628]-play.Logger.info(Logger.java:290)-sql==SET sql_mode='STRICT_TRANS_TABLES'
com.mchange.v2.async.ThreadPoolAsynchronousRunner$PoolThread-#0- INFO-[2014-01-10 17:36:14,628]-play.Logger.info(Logger.java:290)-sql==SELECT @@session.tx_isolation
play-thread-1- INFO-[2014-01-10 17:36:14,628]-play.Logger.info(Logger.java:290)-sql==/* mysql-connector-java-5.1.20 ( Revision: tonci.grgin@oracle.com-20111003110438-qfydx066wsbydkbw ) */SHOW VARIABLES WHERE Variable_name ='language' OR Variable_name = 'net_write_timeout' OR Variable_name = 'interactive_timeout' OR Variable_name = 'wait_timeout' OR Variable_name = 'character_set_client' OR Variable_name = 'character_set_connection' OR Variable_name = 'character_set' OR Variable_name = 'character_set_server' OR Variable_name = 'tx_isolation' OR Variable_name = 'transaction_isolation' OR Variable_name = 'character_set_results' OR Variable_name = 'timezone' OR Variable_name = 'time_zone' OR Variable_name = 'system_time_zone' OR Variable_name = 'lower_case_table_names' OR Variable_name = 'max_allowed_packet' OR Variable_name = 'net_buffer_length' OR Variable_name = 'sql_mode' OR Variable_name = 'query_cache_type' OR Variable_name = 'query_cache_size' OR Variable_name = 'init_connect'
play-thread-1- INFO-[2014-01-10 17:36:14,628]-play.Logger.info(Logger.java:290)-sql==/* mysql-connector-java-5.1.20 ( Revision: tonci.grgin@oracle.com-20111003110438-qfydx066wsbydkbw ) */SELECT @@session.auto_increment_increment
play-thread-1- INFO-[2014-01-10 17:36:14,644]-play.Logger.info(Logger.java:290)-sql==SHOW COLLATION
play-thread-1- INFO-[2014-01-10 17:36:14,644]-play.Logger.info(Logger.java:290)-sql==SET NAMES utf8
play-thread-1- INFO-[2014-01-10 17:36:14,644]-play.Logger.info(Logger.java:290)-sql==SET character_set_results = NULL
play-thread-1- INFO-[2014-01-10 17:36:14,644]-play.Logger.info(Logger.java:290)-sql==SET collation_connection = utf8_general_ci
play-thread-1- INFO-[2014-01-10 17:36:14,644]-play.Logger.info(Logger.java:290)-sql==SET autocommit=1
play-thread-1- INFO-[2014-01-10 17:36:14,660]-play.Logger.info(Logger.java:290)-sql==SET sql_mode='STRICT_TRANS_TABLES'
com.mchange.v2.async.ThreadPoolAsynchronousRunner$PoolThread-#1- INFO-[2014-01-10 17:36:14,660]-play.Logger.info(Logger.java:290)-sql==/* mysql-connector-java-5.1.20 ( Revision: tonci.grgin@oracle.com-20111003110438-qfydx066wsbydkbw ) */SHOW VARIABLES WHERE Variable_name ='language' OR Variable_name = 'net_write_timeout' OR Variable_name = 'interactive_timeout' OR Variable_name = 'wait_timeout' OR Variable_name = 'character_set_client' OR Variable_name = 'character_set_connection' OR Variable_name = 'character_set' OR Variable_name = 'character_set_server' OR Variable_name = 'tx_isolation' OR Variable_name = 'transaction_isolation' OR Variable_name = 'character_set_results' OR Variable_name = 'timezone' OR Variable_name = 'time_zone' OR Variable_name = 'system_time_zone' OR Variable_name = 'lower_case_table_names' OR Variable_name = 'max_allowed_packet' OR Variable_name = 'net_buffer_length' OR Variable_name = 'sql_mode' OR Variable_name = 'query_cache_type' OR Variable_name = 'query_cache_size' OR Variable_name = 'init_connect'
com.mchange.v2.async.ThreadPoolAsynchronousRunner$PoolThread-#2- INFO-[2014-01-10 17:36:14,675]-play.Logger.info(Logger.java:290)-sql==/* mysql-connector-java-5.1.20 ( Revision: tonci.grgin@oracle.com-20111003110438-qfydx066wsbydkbw ) */SHOW VARIABLES WHERE Variable_name ='language' OR Variable_name = 'net_write_timeout' OR Variable_name = 'interactive_timeout' OR Variable_name = 'wait_timeout' OR Variable_name = 'character_set_client' OR Variable_name = 'character_set_connection' OR Variable_name = 'character_set' OR Variable_name = 'character_set_server' OR Variable_name = 'tx_isolation' OR Variable_name = 'transaction_isolation' OR Variable_name = 'character_set_results' OR Variable_name = 'timezone' OR Variable_name = 'time_zone' OR Variable_name = 'system_time_zone' OR Variable_name = 'lower_case_table_names' OR Variable_name = 'max_allowed_packet' OR Variable_name = 'net_buffer_length' OR Variable_name = 'sql_mode' OR Variable_name = 'query_cache_type' OR Variable_name = 'query_cache_size' OR Variable_name = 'init_connect'
com.mchange.v2.async.ThreadPoolAsynchronousRunner$PoolThread-#1- INFO-[2014-01-10 17:36:14,675]-play.Logger.info(Logger.java:290)-sql==/* mysql-connector-java-5.1.20 ( Revision: tonci.grgin@oracle.com-20111003110438-qfydx066wsbydkbw ) */SELECT @@session.auto_increment_increment
com.mchange.v2.async.ThreadPoolAsynchronousRunner$PoolThread-#0- INFO-[2014-01-10 17:36:14,675]-play.Logger.info(Logger.java:290)-sql==/* mysql-connector-java-5.1.20 ( Revision: tonci.grgin@oracle.com-20111003110438-qfydx066wsbydkbw ) */SHOW VARIABLES WHERE Variable_name ='language' OR Variable_name = 'net_write_timeout' OR Variable_name = 'interactive_timeout' OR Variable_name = 'wait_timeout' OR Variable_name = 'character_set_client' OR Variable_name = 'character_set_connection' OR Variable_name = 'character_set' OR Variable_name = 'character_set_server' OR Variable_name = 'tx_isolation' OR Variable_name = 'transaction_isolation' OR Variable_name = 'character_set_results' OR Variable_name = 'timezone' OR Variable_name = 'time_zone' OR Variable_name = 'system_time_zone' OR Variable_name = 'lower_case_table_names' OR Variable_name = 'max_allowed_packet' OR Variable_name = 'net_buffer_length' OR Variable_name = 'sql_mode' OR Variable_name = 'query_cache_type' OR Variable_name = 'query_cache_size' OR Variable_name = 'init_connect'
com.mchange.v2.async.ThreadPoolAsynchronousRunner$PoolThread-#1- INFO-[2014-01-10 17:36:14,675]-play.Logger.info(Logger.java:290)-sql==SHOW COLLATION
com.mchange.v2.async.ThreadPoolAsynchronousRunner$PoolThread-#2- INFO-[2014-01-10 17:36:14,675]-play.Logger.info(Logger.java:290)-sql==/* mysql-connector-java-5.1.20 ( Revision: tonci.grgin@oracle.com-20111003110438-qfydx066wsbydkbw ) */SELECT @@session.auto_increment_increment
com.mchange.v2.async.ThreadPoolAsynchronousRunner$PoolThread-#2- INFO-[2014-01-10 17:36:14,675]-play.Logger.info(Logger.java:290)-sql==SHOW COLLATION
com.mchange.v2.async.ThreadPoolAsynchronousRunner$PoolThread-#1- INFO-[2014-01-10 17:36:14,691]-play.Logger.info(Logger.java:290)-sql==SET NAMES utf8
com.mchange.v2.async.ThreadPoolAsynchronousRunner$PoolThread-#2- INFO-[2014-01-10 17:36:14,691]-play.Logger.info(Logger.java:290)-sql==SET NAMES utf8
com.mchange.v2.async.ThreadPoolAsynchronousRunner$PoolThread-#0- INFO-[2014-01-10 17:36:14,691]-play.Logger.info(Logger.java:290)-sql==/* mysql-connector-java-5.1.20 ( Revision: tonci.grgin@oracle.com-20111003110438-qfydx066wsbydkbw ) */SELECT @@session.auto_increment_increment
com.mchange.v2.async.ThreadPoolAsynchronousRunner$PoolThread-#2- INFO-[2014-01-10 17:36:14,691]-play.Logger.info(Logger.java:290)-sql==SET character_set_results = NULL
com.mchange.v2.async.ThreadPoolAsynchronousRunner$PoolThread-#0- INFO-[2014-01-10 17:36:14,707]-play.Logger.info(Logger.java:290)-sql==SHOW COLLATION
com.mchange.v2.async.ThreadPoolAsynchronousRunner$PoolThread-#1- INFO-[2014-01-10 17:36:14,691]-play.Logger.info(Logger.java:290)-sql==SET character_set_results = NULL
com.mchange.v2.async.ThreadPoolAsynchronousRunner$PoolThread-#2- INFO-[2014-01-10 17:36:14,707]-play.Logger.info(Logger.java:290)-sql==SET collation_connection = utf8_general_ci
com.mchange.v2.async.ThreadPoolAsynchronousRunner$PoolThread-#1- INFO-[2014-01-10 17:36:14,707]-play.Logger.info(Logger.java:290)-sql==SET collation_connection = utf8_general_ci
com.mchange.v2.async.ThreadPoolAsynchronousRunner$PoolThread-#2- INFO-[2014-01-10 17:36:14,707]-play.Logger.info(Logger.java:290)-sql==SET autocommit=1
com.mchange.v2.async.ThreadPoolAsynchronousRunner$PoolThread-#1- INFO-[2014-01-10 17:36:14,707]-play.Logger.info(Logger.java:290)-sql==SET autocommit=1
com.mchange.v2.async.ThreadPoolAsynchronousRunner$PoolThread-#2- INFO-[2014-01-10 17:36:14,707]-play.Logger.info(Logger.java:290)-sql==SET sql_mode='STRICT_TRANS_TABLES'
com.mchange.v2.async.ThreadPoolAsynchronousRunner$PoolThread-#0- INFO-[2014-01-10 17:36:14,722]-play.Logger.info(Logger.java:290)-sql==SET NAMES utf8
com.mchange.v2.async.ThreadPoolAsynchronousRunner$PoolThread-#2- INFO-[2014-01-10 17:36:14,722]-play.Logger.info(Logger.java:290)-sql==SELECT @@session.tx_isolation
com.mchange.v2.async.ThreadPoolAsynchronousRunner$PoolThread-#1- INFO-[2014-01-10 17:36:14,722]-play.Logger.info(Logger.java:290)-sql==SET sql_mode='STRICT_TRANS_TABLES'
com.mchange.v2.async.ThreadPoolAsynchronousRunner$PoolThread-#1- INFO-[2014-01-10 17:36:14,722]-play.Logger.info(Logger.java:290)-sql==SELECT @@session.tx_isolation
com.mchange.v2.async.ThreadPoolAsynchronousRunner$PoolThread-#0- INFO-[2014-01-10 17:36:14,722]-play.Logger.info(Logger.java:290)-sql==SET character_set_results = NULL
play-thread-1- INFO-[2014-01-10 17:36:14,722]-play.Logger.info(Logger.java:290)-Connected to jdbc:mysql://192.168.103.108/gta_data?useUnicode=yes&characterEncoding=UTF-8&connectionCollation=utf8_general_ci&zeroDateTimeBehavior=convertToNull&statementInterceptors=com.tom.mysql.ShowSqlStatementInterceptor
com.mchange.v2.async.ThreadPoolAsynchronousRunner$PoolThread-#0- INFO-[2014-01-10 17:36:14,722]-play.Logger.info(Logger.java:290)-sql==SET collation_connection = utf8_general_ci
com.mchange.v2.async.ThreadPoolAsynchronousRunner$PoolThread-#0- INFO-[2014-01-10 17:36:14,722]-play.Logger.info(Logger.java:290)-sql==SET autocommit=1
com.mchange.v2.async.ThreadPoolAsynchronousRunner$PoolThread-#0- INFO-[2014-01-10 17:36:14,722]-play.Logger.info(Logger.java:290)-sql==SET sql_mode='STRICT_TRANS_TABLES'
com.mchange.v2.async.ThreadPoolAsynchronousRunner$PoolThread-#0- INFO-[2014-01-10 17:36:14,722]-play.Logger.info(Logger.java:290)-sql==SELECT @@session.tx_isolation
play-thread-1- INFO-[2014-01-10 17:36:14,832]-play.Logger.info(Logger.java:290)-Application 'f10' is now started !
play-thread-1- INFO-[2014-01-10 17:36:15,035]-play.Logger.info(Logger.java:290)-loading sql from  module[f10Common]
play-thread-1- INFO-[2014-01-10 17:36:15,113]-play.Logger.info(Logger.java:290)-初始化股票数据开始...
play-thread-1- INFO-[2014-01-10 17:36:15,160]-play.Logger.info(Logger.java:290)-sql==
    SELECT
        a.SYMBOL AS scode,
        a.SHORTNAME AS name 
    from
        stk_stockinfo a 
    where
        a.SYMBOL is not null
play-thread-1- INFO-[2014-01-10 17:36:15,254]-play.Logger.info(Logger.java:290)-sql==
    /*股票基本数据*/ SELECT
        a.`SECURITYID` AS secId,
        a.`SYMBOL` AS `scode`,
        a.`SHORTNAME` AS `name`,
        a.`EXCHANGECODE` AS market,
        a.`INSTITUTIONID` AS institutionId,
        a.SHARETYPE AS shareType 
    FROM
        `stk_stockinfo` a 
    WHERE
        a.STATUSID IN (
            'P0801','P0804','P0805','P0806','P0807','P0808','P0809','P0810','P0811','P0812','P0899'
        )  
        AND DELISTEDDATE IS NULL 
    ORDER BY
        INSTITUTIONID,
        SHARETYPE
play-thread-1- INFO-[2014-01-10 17:36:15,535]-play.Logger.info(Logger.java:290)-sql==
    /*公司与行业对应关系*/ SELECT
        k.institutionId,
        k.industryCode 
    FROM
        stk_industryclass k  
    INNER JOIN
        (
            SELECT
                INSTITUTIONID,
                MAX(CHANGEDATE) AS CHANGEDATE   
            FROM
                stk_industryclass   
            WHERE
                INDUSTRYCLASSIFICATIONID = 'P0207'   
            GROUP BY
                INSTITUTIONID  
        ) AS v  
            ON k.`INSTITUTIONID` = v.INSTITUTIONID 
            AND k.CHANGEDATE = v.CHANGEDATE 
    WHERE
        k.INDUSTRYCLASSIFICATIONID='P0207'
play-thread-1- INFO-[2014-01-10 17:36:15,613]-play.Logger.info(Logger.java:290)-sql==
    /*行业名称*/ SELECT
        a.industrycode,
        a.industryname 
    FROM
        pub_indclassifysets a 
    WHERE
        a.INDCLASSIFYSYSTEMCODE='P0207' 
        AND a.industryCode IN (
            'Q83','D46','D44','D45','R85','G53','G54','G55','G56','G57','P82','G58','G59','E49','E47','E48','R86','R87','C17','C18','C19','C13','C14','C15','S90','K70','C42','C41','E50','F52','L72','L71','F51','C29','C27','C28','B11','M74','C25','C26','C23','M73','C24','C21','C22','C20','N77','N78','A02','A01','A05','A04','A03','B06','B07','B08','B09','C38','I65','C39','C34','H61','C35','I64','J67','C36','J66','C37','I63','C30','J69','J68','C31','H62','C32','C33','C40'
        )
play-thread-1- INFO-[2014-01-10 17:36:15,629]-play.Logger.info(Logger.java:290)-初始化股票数据结束...
play-thread-1- INFO-[2014-01-10 17:36:15,629]-play.Logger.info(Logger.java:290)-处理指数与行业对应关系开始...
play-thread-1- INFO-[2014-01-10 17:36:15,629]-play.Logger.info(Logger.java:290)-sql==
    SELECT
        `SECURITYID` AS secId,
        `SYMBOL` AS CODE,
        `INDEXFULLNAME` AS 'name' 
    FROM
        idx_indexinfo 
    WHERE
        SYMBOL IN (
            '000004', '000005', '000006', '000007', '000008', '399231', '399232', '399233', '399234', '399235', '399236', '399327', '399328', '399239', '399240', '399241', '399242', '399243', '399244', '399248', '399249','000001', '399001', '399006', '399005', '000300'
        )
play-thread-1- INFO-[2014-01-10 17:36:15,644]-play.Logger.info(Logger.java:290)-sql==/*行业指数与股票对应关系*/
SELECT SAMPLESECURITYCODE AS scode , SYMBOL AS indexCode
FROM (
	SELECT distA.*, FIND_IN_SET(distA.CHANGEDATE, rankData.smallList) AS RANK
	FROM
	(
		SELECT SAMPLESECURITYCODE, SYMBOL, CHANGEDATE
		FROM IDX_SampleChange
		WHERE CHANGINGMETHODID = 'S2701'/*进入*/
			AND SYMBOL IN (
			'000004', '000005', '000006', '000007', '000008',
			'399231', '399232', '399233', '399234', '399235', '399236',
			'399327', '399328', '399239', '399240', '399241', '399242',
			'399243', '399244', '399248', '399249'
			)
	) distA,

	(
		SELECT SAMPLESECURITYCODE, GROUP_CONCAT(CHANGEDATE ORDER BY CHANGEDATE DESC) AS smallList
		FROM IDX_SampleChange
		WHERE CHANGINGMETHODID = 'S2701'/*进入*/
		AND SYMBOL IN (
		'000004', '000005', '000006', '000007', '000008',
        '399231', '399232', '399233', '399234', '399235', '399236',
        '399327', '399328', '399239', '399240', '399241', '399242',
        '399243', '399244', '399248', '399249'
		)
		GROUP BY SAMPLESECURITYCODE
	) rankData

	WHERE distA.SAMPLESECURITYCODE = rankData.SAMPLESECURITYCODE

) ttt

WHERE RANK = 1
play-thread-1- INFO-[2014-01-10 17:36:17,270]-play.Logger.info(Logger.java:290)-sql==
    /*市场指数与股票对应关系*/ SELECT
        SAMPLESECURITYCODE AS scode ,
        SYMBOL AS indexCode 
    FROM
        (  SELECT
            distA.*,
            FIND_IN_SET(distA.CHANGEDATE,
            rankData.smallList) AS RANK  
        FROM
            (   SELECT
                SAMPLESECURITYCODE,
                SYMBOL,
                CHANGEDATE   
            FROM
                IDX_SampleChange   
            WHERE
                CHANGINGMETHODID = 'S2701'/*进入*/    
                AND SYMBOL IN (
                    '000001','399001','399006','399005' 
                )  ) distA,
            (   SELECT
                SAMPLESECURITYCODE,
                GROUP_CONCAT(CHANGEDATE 
            ORDER BY
                CHANGEDATE DESC) AS smallList   
            FROM
                IDX_SampleChange   
            WHERE
                CHANGINGMETHODID = 'S2701'/*进入*/   
                AND SYMBOL IN (
                    '000001','399001','399006','399005' 
                )   
            GROUP BY
                SAMPLESECURITYCODE  ) rankData   
        WHERE
            distA.SAMPLESECURITYCODE = rankData.SAMPLESECURITYCODE  
        ) ttt  
    WHERE
        RANK = 1
play-thread-1- INFO-[2014-01-10 17:36:18,254]-play.Logger.info(Logger.java:290)-处理指数与行业对应关系结束...
play-thread-1- INFO-[2014-01-10 17:36:18,254]-play.Logger.info(Logger.java:290)-初始化融资融券信息------start
play-thread-1- INFO-[2014-01-10 17:36:18,270]-play.Logger.info(Logger.java:290)-sql==
    SELECT
        DISTINCT securityId AS secId 
    FROM
        SMT_TradeD
play-thread-1- INFO-[2014-01-10 17:36:18,285]-play.Logger.info(Logger.java:290)-初始化融资融券信息------stop
play-thread-1- INFO-[2014-01-10 17:36:18,332]-play.Logger.info(Logger.java:290)-sql==
    SELECT
        a.SYMBOL AS symbol,
        a.SHORTNAME AS shortname,
        a.PYSHORTNAME as pyshortname             
    FROM
        gta_data.stk_stockinfo a
