play-thread-1-ERROR-[2013-09-04 11:02:12,358]-play.Logger.niceThrowable(Logger.java:571)-

@6ff8odgf4
Internal Server Error (500) for request GET /newsct/ordernews?id=385

Database error (In {module:f10Common}/app/dbutils/CustomDbUtil.java around line 149)
A database error occured : You have an error in your SQL syntax; check the manual that corresponds to your MySQL server version for the right syntax to use near 'where DATE_FORMAT((SELECT MAX(DECLAREDATE)  FROM c_news_newsinfo_lst),'%Y-%m-%d'' at line 6 Query: select count(*) from ( SELECT a.NEWSID as newsId,                 a.TITLE as title,                 a.DECLAREDATE as declareDate,                 a.NEWSSOURCE as newsSource             FROM qic_db.c_news_newsinfo_lst a INNER JOIN qic_db.c_news_classify_lst b ON a.NEWSID = b.NEWSID where DATE_FORMAT((SELECT MAX(DECLAREDATE)  FROM c_news_newsinfo_lst),'%Y-%m-%d') = DATE_FORMAT(a.DECLAREDATE, '%Y-%m-%d') AND c.`CLASSIFYID` IN ('02010305','02021501','0204','020405','020407','020103','02010305','02010307','0201030705','0201030709','020115','02011507','020119','0201','020121','0201','020125','0203','020301','02030103','02030105')  where DATE_FORMAT((SELECT MAX(DECLAREDATE)  FROM c_news_newsinfo_lst),'%Y-%m-%d') = DATE_FORMAT(a.DECLAREDATE, '%Y-%m-%d') AND a.`NEWSSOURCE` IN ('FBS')  INNER JOIN qic_db.c_news_classify_lst b ON a.NEWSID = b.NEWSID where DATE_FORMAT((SELECT MAX(DECLAREDATE)  FROM c_news_newsinfo_lst),'%Y-%m-%d') = DATE_FORMAT(a.DECLAREDATE, '%Y-%m-%d') AND c.`CLASSIFYID` IN ('02010305','02021501','0204','020405','020407','020103','02010305','02010307','0201030705','0201030709','020115','02011507','020119','0201','020121','0201','020125','0203','020301','02030103','02030105') AND a.`NEWSSOURCE` IN('FBS') ORDER BY a.`DECLAREDATE` DESC  ) distTable    Parameters: []

play.exceptions.DatabaseException: You have an error in your SQL syntax; check the manual that corresponds to your MySQL server version for the right syntax to use near 'where DATE_FORMAT((SELECT MAX(DECLAREDATE)  FROM c_news_newsinfo_lst),'%Y-%m-%d'' at line 6 Query: select count(*) from (
SELECT a.NEWSID as newsId,
                a.TITLE as title,
                a.DECLAREDATE as declareDate,
                a.NEWSSOURCE as newsSource
            FROM qic_db.c_news_newsinfo_lst a INNER JOIN qic_db.c_news_classify_lst b ON a.NEWSID = b.NEWSID where DATE_FORMAT((SELECT MAX(DECLAREDATE)  FROM c_news_newsinfo_lst),'%Y-%m-%d') = DATE_FORMAT(a.DECLAREDATE, '%Y-%m-%d') AND c.`CLASSIFYID` IN ('02010305','02021501','0204','020405','020407','020103','02010305','02010307','0201030705','0201030709','020115','02011507','020119','0201','020121','0201','020125','0203','020301','02030103','02030105')  where DATE_FORMAT((SELECT MAX(DECLAREDATE)  FROM c_news_newsinfo_lst),'%Y-%m-%d') = DATE_FORMAT(a.DECLAREDATE, '%Y-%m-%d') AND a.`NEWSSOURCE` IN ('FBS')  INNER JOIN qic_db.c_news_classify_lst b ON a.NEWSID = b.NEWSID where DATE_FORMAT((SELECT MAX(DECLAREDATE)  FROM c_news_newsinfo_lst),'%Y-%m-%d') = DATE_FORMAT(a.DECLAREDATE, '%Y-%m-%d') AND c.`CLASSIFYID` IN ('02010305','02021501','0204','020405','020407','020103','02010305','02010307','0201030705','0201030709','020115','02011507','020119','0201','020121','0201','020125','0203','020301','02030103','02030105') AND a.`NEWSSOURCE` IN('FBS') ORDER BY a.`DECLAREDATE` DESC 
) distTable  
 Parameters: []
	at dbutils.CustomDbUtil.queryCount(CustomDbUtil.java:151)
	at bussiness.NewsInfoService.orderSelect(NewsInfoService.java:97)
	at controllers.NewsCt.orderNews(NewsCt.java:293)
	at play.mvc.ActionInvoker.invokeWithContinuation(ActionInvoker.java:557)
	at play.mvc.ActionInvoker.invoke(ActionInvoker.java:508)
	at play.mvc.ActionInvoker.invokeControllerMethod(ActionInvoker.java:484)
	at play.mvc.ActionInvoker.invokeControllerMethod(ActionInvoker.java:479)
	at play.mvc.ActionInvoker.invoke(ActionInvoker.java:161)
	at Invocation.HTTP Request(Play!)
Caused by: java.sql.SQLException: You have an error in your SQL syntax; check the manual that corresponds to your MySQL server version for the right syntax to use near 'where DATE_FORMAT((SELECT MAX(DECLAREDATE)  FROM c_news_newsinfo_lst),'%Y-%m-%d'' at line 6 Query: select count(*) from (
SELECT a.NEWSID as newsId,
                a.TITLE as title,
                a.DECLAREDATE as declareDate,
                a.NEWSSOURCE as newsSource
            FROM qic_db.c_news_newsinfo_lst a INNER JOIN qic_db.c_news_classify_lst b ON a.NEWSID = b.NEWSID where DATE_FORMAT((SELECT MAX(DECLAREDATE)  FROM c_news_newsinfo_lst),'%Y-%m-%d') = DATE_FORMAT(a.DECLAREDATE, '%Y-%m-%d') AND c.`CLASSIFYID` IN ('02010305','02021501','0204','020405','020407','020103','02010305','02010307','0201030705','0201030709','020115','02011507','020119','0201','020121','0201','020125','0203','020301','02030103','02030105')  where DATE_FORMAT((SELECT MAX(DECLAREDATE)  FROM c_news_newsinfo_lst),'%Y-%m-%d') = DATE_FORMAT(a.DECLAREDATE, '%Y-%m-%d') AND a.`NEWSSOURCE` IN ('FBS')  INNER JOIN qic_db.c_news_classify_lst b ON a.NEWSID = b.NEWSID where DATE_FORMAT((SELECT MAX(DECLAREDATE)  FROM c_news_newsinfo_lst),'%Y-%m-%d') = DATE_FORMAT(a.DECLAREDATE, '%Y-%m-%d') AND c.`CLASSIFYID` IN ('02010305','02021501','0204','020405','020407','020103','02010305','02010307','0201030705','0201030709','020115','02011507','020119','0201','020121','0201','020125','0203','020301','02030103','02030105') AND a.`NEWSSOURCE` IN('FBS') ORDER BY a.`DECLAREDATE` DESC 
) distTable  
 Parameters: []
	at org.apache.commons.dbutils.AbstractQueryRunner.rethrow(AbstractQueryRunner.java:363)
	at org.apache.commons.dbutils.QueryRunner.query(QueryRunner.java:350)
	at org.apache.commons.dbutils.QueryRunner.query(QueryRunner.java:211)
	at dbutils.CustomDbUtil.queryCount(CustomDbUtil.java:149)
	... 8 more
play-thread-1-ERROR-[2013-09-04 11:04:13,603]-play.Logger.niceThrowable(Logger.java:571)-

@6ff8odgf5
Internal Server Error (500) for request GET /newsct/ordernews?id=385

Database error (In {module:f10Common}/app/dbutils/CustomDbUtil.java around line 149)
A database error occured : You have an error in your SQL syntax; check the manual that corresponds to your MySQL server version for the right syntax to use near 'where DATE_FORMAT((SELECT MAX(DECLAREDATE)  FROM c_news_newsinfo_lst),'%Y-%m-%d'' at line 6 Query: select count(*) from ( SELECT a.NEWSID as newsId,                 a.TITLE as title,                 a.DECLAREDATE as declareDate,                 a.NEWSSOURCE as newsSource             FROM qic_db.c_news_newsinfo_lst a INNER JOIN qic_db.c_news_classify_lst b ON a.NEWSID = b.NEWSID where DATE_FORMAT((SELECT MAX(DECLAREDATE)  FROM c_news_newsinfo_lst),'%Y-%m-%d') = DATE_FORMAT(a.DECLAREDATE, '%Y-%m-%d') AND b.`CLASSIFYID` IN ('02010305','02021501','0204','020405','020407','020103','02010305','02010307','0201030705','0201030709','020115','02011507','020119','0201','020121','0201','020125','0203','020301','02030103','02030105')  where DATE_FORMAT((SELECT MAX(DECLAREDATE)  FROM c_news_newsinfo_lst),'%Y-%m-%d') = DATE_FORMAT(a.DECLAREDATE, '%Y-%m-%d') AND a.`NEWSSOURCE` IN ('FBS')  INNER JOIN qic_db.c_news_classify_lst b ON a.NEWSID = b.NEWSID where DATE_FORMAT((SELECT MAX(DECLAREDATE)  FROM c_news_newsinfo_lst),'%Y-%m-%d') = DATE_FORMAT(a.DECLAREDATE, '%Y-%m-%d') AND b.`CLASSIFYID` IN ('02010305','02021501','0204','020405','020407','020103','02010305','02010307','0201030705','0201030709','020115','02011507','020119','0201','020121','0201','020125','0203','020301','02030103','02030105') AND a.`NEWSSOURCE` IN('FBS') ORDER BY a.`DECLAREDATE` DESC  ) distTable    Parameters: []

play.exceptions.DatabaseException: You have an error in your SQL syntax; check the manual that corresponds to your MySQL server version for the right syntax to use near 'where DATE_FORMAT((SELECT MAX(DECLAREDATE)  FROM c_news_newsinfo_lst),'%Y-%m-%d'' at line 6 Query: select count(*) from (
SELECT a.NEWSID as newsId,
                a.TITLE as title,
                a.DECLAREDATE as declareDate,
                a.NEWSSOURCE as newsSource
            FROM qic_db.c_news_newsinfo_lst a INNER JOIN qic_db.c_news_classify_lst b ON a.NEWSID = b.NEWSID where DATE_FORMAT((SELECT MAX(DECLAREDATE)  FROM c_news_newsinfo_lst),'%Y-%m-%d') = DATE_FORMAT(a.DECLAREDATE, '%Y-%m-%d') AND b.`CLASSIFYID` IN ('02010305','02021501','0204','020405','020407','020103','02010305','02010307','0201030705','0201030709','020115','02011507','020119','0201','020121','0201','020125','0203','020301','02030103','02030105')  where DATE_FORMAT((SELECT MAX(DECLAREDATE)  FROM c_news_newsinfo_lst),'%Y-%m-%d') = DATE_FORMAT(a.DECLAREDATE, '%Y-%m-%d') AND a.`NEWSSOURCE` IN ('FBS')  INNER JOIN qic_db.c_news_classify_lst b ON a.NEWSID = b.NEWSID where DATE_FORMAT((SELECT MAX(DECLAREDATE)  FROM c_news_newsinfo_lst),'%Y-%m-%d') = DATE_FORMAT(a.DECLAREDATE, '%Y-%m-%d') AND b.`CLASSIFYID` IN ('02010305','02021501','0204','020405','020407','020103','02010305','02010307','0201030705','0201030709','020115','02011507','020119','0201','020121','0201','020125','0203','020301','02030103','02030105') AND a.`NEWSSOURCE` IN('FBS') ORDER BY a.`DECLAREDATE` DESC 
) distTable  
 Parameters: []
	at dbutils.CustomDbUtil.queryCount(CustomDbUtil.java:151)
	at bussiness.NewsInfoService.orderSelect(NewsInfoService.java:97)
	at controllers.NewsCt.orderNews(NewsCt.java:293)
	at play.mvc.ActionInvoker.invokeWithContinuation(ActionInvoker.java:557)
	at play.mvc.ActionInvoker.invoke(ActionInvoker.java:508)
	at play.mvc.ActionInvoker.invokeControllerMethod(ActionInvoker.java:484)
	at play.mvc.ActionInvoker.invokeControllerMethod(ActionInvoker.java:479)
	at play.mvc.ActionInvoker.invoke(ActionInvoker.java:161)
	at Invocation.HTTP Request(Play!)
Caused by: java.sql.SQLException: You have an error in your SQL syntax; check the manual that corresponds to your MySQL server version for the right syntax to use near 'where DATE_FORMAT((SELECT MAX(DECLAREDATE)  FROM c_news_newsinfo_lst),'%Y-%m-%d'' at line 6 Query: select count(*) from (
SELECT a.NEWSID as newsId,
                a.TITLE as title,
                a.DECLAREDATE as declareDate,
                a.NEWSSOURCE as newsSource
            FROM qic_db.c_news_newsinfo_lst a INNER JOIN qic_db.c_news_classify_lst b ON a.NEWSID = b.NEWSID where DATE_FORMAT((SELECT MAX(DECLAREDATE)  FROM c_news_newsinfo_lst),'%Y-%m-%d') = DATE_FORMAT(a.DECLAREDATE, '%Y-%m-%d') AND b.`CLASSIFYID` IN ('02010305','02021501','0204','020405','020407','020103','02010305','02010307','0201030705','0201030709','020115','02011507','020119','0201','020121','0201','020125','0203','020301','02030103','02030105')  where DATE_FORMAT((SELECT MAX(DECLAREDATE)  FROM c_news_newsinfo_lst),'%Y-%m-%d') = DATE_FORMAT(a.DECLAREDATE, '%Y-%m-%d') AND a.`NEWSSOURCE` IN ('FBS')  INNER JOIN qic_db.c_news_classify_lst b ON a.NEWSID = b.NEWSID where DATE_FORMAT((SELECT MAX(DECLAREDATE)  FROM c_news_newsinfo_lst),'%Y-%m-%d') = DATE_FORMAT(a.DECLAREDATE, '%Y-%m-%d') AND b.`CLASSIFYID` IN ('02010305','02021501','0204','020405','020407','020103','02010305','02010307','0201030705','0201030709','020115','02011507','020119','0201','020121','0201','020125','0203','020301','02030103','02030105') AND a.`NEWSSOURCE` IN('FBS') ORDER BY a.`DECLAREDATE` DESC 
) distTable  
 Parameters: []
	at org.apache.commons.dbutils.AbstractQueryRunner.rethrow(AbstractQueryRunner.java:363)
	at org.apache.commons.dbutils.QueryRunner.query(QueryRunner.java:350)
	at org.apache.commons.dbutils.QueryRunner.query(QueryRunner.java:211)
	at dbutils.CustomDbUtil.queryCount(CustomDbUtil.java:149)
	... 8 more
play-thread-1-ERROR-[2013-09-04 11:08:42,300]-play.Logger.niceThrowable(Logger.java:571)-

@6ff8odgf6
Internal Server Error (500) for request POST /newsct/editnewscnd

Database error (In {module:f10Common}/app/dbutils/CustomDbUtil.java around line 164)
A database error occured : Data truncation: Data too long for column 'name' at row 1 Query: UPDATE user_template SET NAME = ?, content = ? WHERE id = ? AND uid = ? and utype = ? Parameters: [jQuery172038001704986683815_1378263987168jQuery17207851230013640803_13782640873111, {"source":["FBS","第一财经日报"]}, 385, 1, nt]

play.exceptions.DatabaseException: Data truncation: Data too long for column 'name' at row 1 Query: UPDATE user_template
SET NAME = ?, content = ?
WHERE id = ? AND uid = ? and utype = ? Parameters: [jQuery172038001704986683815_1378263987168jQuery17207851230013640803_13782640873111, {"source":["FBS","第一财经日报"]}, 385, 1, nt]
	at dbutils.CustomDbUtil.updateCustomDB(CustomDbUtil.java:166)
	at bussiness.TemplateService.editUserTemplateById(TemplateService.java:93)
	at controllers.NewsCt.editUserTemplate(NewsCt.java:253)
	at controllers.NewsCt.editNewsCnd(NewsCt.java:242)
	at play.mvc.ActionInvoker.invokeWithContinuation(ActionInvoker.java:557)
	at play.mvc.ActionInvoker.invoke(ActionInvoker.java:508)
	at play.mvc.ActionInvoker.invokeControllerMethod(ActionInvoker.java:484)
	at play.mvc.ActionInvoker.invokeControllerMethod(ActionInvoker.java:479)
	at play.mvc.ActionInvoker.invoke(ActionInvoker.java:161)
	at Invocation.HTTP Request(Play!)
Caused by: java.sql.SQLException: Data truncation: Data too long for column 'name' at row 1 Query: UPDATE user_template
SET NAME = ?, content = ?
WHERE id = ? AND uid = ? and utype = ? Parameters: [jQuery172038001704986683815_1378263987168jQuery17207851230013640803_13782640873111, {"source":["FBS","第一财经日报"]}, 385, 1, nt]
	at org.apache.commons.dbutils.AbstractQueryRunner.rethrow(AbstractQueryRunner.java:363)
	at org.apache.commons.dbutils.QueryRunner.update(QueryRunner.java:490)
	at org.apache.commons.dbutils.QueryRunner.update(QueryRunner.java:403)
	at dbutils.CustomDbUtil.updateCustomDB(CustomDbUtil.java:164)
	... 9 more
play-thread-1-ERROR-[2013-09-04 11:09:00,663]-play.Logger.niceThrowable(Logger.java:571)-

@6ff8odgf7
Internal Server Error (500) for request POST /newsct/editnewscnd

Database error (In {module:f10Common}/app/dbutils/CustomDbUtil.java around line 164)
A database error occured : Data truncation: Data too long for column 'name' at row 1 Query: UPDATE user_template SET NAME = ?, content = ? WHERE id = ? AND uid = ? and utype = ? Parameters: [jQuery172038001704986683815_1378263987168jQuery1720466050826323271_13782641294961, {"source":["FBS","第一财经日报"]}, 385, 1, nt]

play.exceptions.DatabaseException: Data truncation: Data too long for column 'name' at row 1 Query: UPDATE user_template
SET NAME = ?, content = ?
WHERE id = ? AND uid = ? and utype = ? Parameters: [jQuery172038001704986683815_1378263987168jQuery1720466050826323271_13782641294961, {"source":["FBS","第一财经日报"]}, 385, 1, nt]
	at dbutils.CustomDbUtil.updateCustomDB(CustomDbUtil.java:166)
	at bussiness.TemplateService.editUserTemplateById(TemplateService.java:93)
	at controllers.NewsCt.editUserTemplate(NewsCt.java:253)
	at controllers.NewsCt.editNewsCnd(NewsCt.java:242)
	at play.mvc.ActionInvoker.invokeWithContinuation(ActionInvoker.java:557)
	at play.mvc.ActionInvoker.invoke(ActionInvoker.java:508)
	at play.mvc.ActionInvoker.invokeControllerMethod(ActionInvoker.java:484)
	at play.mvc.ActionInvoker.invokeControllerMethod(ActionInvoker.java:479)
	at play.mvc.ActionInvoker.invoke(ActionInvoker.java:161)
	at Invocation.HTTP Request(Play!)
Caused by: java.sql.SQLException: Data truncation: Data too long for column 'name' at row 1 Query: UPDATE user_template
SET NAME = ?, content = ?
WHERE id = ? AND uid = ? and utype = ? Parameters: [jQuery172038001704986683815_1378263987168jQuery1720466050826323271_13782641294961, {"source":["FBS","第一财经日报"]}, 385, 1, nt]
	at org.apache.commons.dbutils.AbstractQueryRunner.rethrow(AbstractQueryRunner.java:363)
	at org.apache.commons.dbutils.QueryRunner.update(QueryRunner.java:490)
	at org.apache.commons.dbutils.QueryRunner.update(QueryRunner.java:403)
	at dbutils.CustomDbUtil.updateCustomDB(CustomDbUtil.java:164)
	... 9 more
play-thread-1-ERROR-[2013-09-04 11:09:13,479]-play.Logger.niceThrowable(Logger.java:571)-

@6ff8odgf8
Internal Server Error (500) for request POST /newsct/editnewscnd

Database error (In {module:f10Common}/app/dbutils/CustomDbUtil.java around line 164)
A database error occured : Data truncation: Data too long for column 'name' at row 1 Query: UPDATE user_template SET NAME = ?, content = ? WHERE id = ? AND uid = ? and utype = ? Parameters: [jQuery172038001704986683815_1378263987168jQuery17204115039680518855_13782641437891, {"source":["FBS","第一财经日报"]}, 385, 1, nt]

play.exceptions.DatabaseException: Data truncation: Data too long for column 'name' at row 1 Query: UPDATE user_template
SET NAME = ?, content = ?
WHERE id = ? AND uid = ? and utype = ? Parameters: [jQuery172038001704986683815_1378263987168jQuery17204115039680518855_13782641437891, {"source":["FBS","第一财经日报"]}, 385, 1, nt]
	at dbutils.CustomDbUtil.updateCustomDB(CustomDbUtil.java:166)
	at bussiness.TemplateService.editUserTemplateById(TemplateService.java:93)
	at controllers.NewsCt.editUserTemplate(NewsCt.java:253)
	at controllers.NewsCt.editNewsCnd(NewsCt.java:242)
	at play.mvc.ActionInvoker.invokeWithContinuation(ActionInvoker.java:557)
	at play.mvc.ActionInvoker.invoke(ActionInvoker.java:508)
	at play.mvc.ActionInvoker.invokeControllerMethod(ActionInvoker.java:484)
	at play.mvc.ActionInvoker.invokeControllerMethod(ActionInvoker.java:479)
	at play.mvc.ActionInvoker.invoke(ActionInvoker.java:161)
	at Invocation.HTTP Request(Play!)
Caused by: java.sql.SQLException: Data truncation: Data too long for column 'name' at row 1 Query: UPDATE user_template
SET NAME = ?, content = ?
WHERE id = ? AND uid = ? and utype = ? Parameters: [jQuery172038001704986683815_1378263987168jQuery17204115039680518855_13782641437891, {"source":["FBS","第一财经日报"]}, 385, 1, nt]
	at org.apache.commons.dbutils.AbstractQueryRunner.rethrow(AbstractQueryRunner.java:363)
	at org.apache.commons.dbutils.QueryRunner.update(QueryRunner.java:490)
	at org.apache.commons.dbutils.QueryRunner.update(QueryRunner.java:403)
	at dbutils.CustomDbUtil.updateCustomDB(CustomDbUtil.java:164)
	... 9 more
play-thread-1-ERROR-[2013-09-04 12:06:40,113]-play.Logger.niceThrowable(Logger.java:571)-

@6ff8odgf9
Internal Server Error (500) for request POST /newsct/editnewscnd

Database error (In {module:f10Common}/app/dbutils/CustomDbUtil.java around line 164)
A database error occured : Data truncation: Data too long for column 'name' at row 1 Query: UPDATE user_template SET NAME = ?, content = ? WHERE id = ? AND uid = ? and utype = ? Parameters: [jQuery172010374946876529989_1378264501033jQuery17207675975728444382_13782663542851, {}, 861, 1, nt]

play.exceptions.DatabaseException: Data truncation: Data too long for column 'name' at row 1 Query: UPDATE user_template
SET NAME = ?, content = ?
WHERE id = ? AND uid = ? and utype = ? Parameters: [jQuery172010374946876529989_1378264501033jQuery17207675975728444382_13782663542851, {}, 861, 1, nt]
	at dbutils.CustomDbUtil.updateCustomDB(CustomDbUtil.java:166)
	at bussiness.TemplateService.editUserTemplateById(TemplateService.java:93)
	at controllers.NewsCt.editUserTemplate(NewsCt.java:253)
	at controllers.NewsCt.editNewsCnd(NewsCt.java:242)
	at play.mvc.ActionInvoker.invokeWithContinuation(ActionInvoker.java:557)
	at play.mvc.ActionInvoker.invoke(ActionInvoker.java:508)
	at play.mvc.ActionInvoker.invokeControllerMethod(ActionInvoker.java:484)
	at play.mvc.ActionInvoker.invokeControllerMethod(ActionInvoker.java:479)
	at play.mvc.ActionInvoker.invoke(ActionInvoker.java:161)
	at Invocation.HTTP Request(Play!)
Caused by: java.sql.SQLException: Data truncation: Data too long for column 'name' at row 1 Query: UPDATE user_template
SET NAME = ?, content = ?
WHERE id = ? AND uid = ? and utype = ? Parameters: [jQuery172010374946876529989_1378264501033jQuery17207675975728444382_13782663542851, {}, 861, 1, nt]
	at org.apache.commons.dbutils.AbstractQueryRunner.rethrow(AbstractQueryRunner.java:363)
	at org.apache.commons.dbutils.QueryRunner.update(QueryRunner.java:490)
	at org.apache.commons.dbutils.QueryRunner.update(QueryRunner.java:403)
	at dbutils.CustomDbUtil.updateCustomDB(CustomDbUtil.java:164)
	... 9 more
play-thread-1-ERROR-[2013-09-04 12:07:52,628]-play.Logger.niceThrowable(Logger.java:571)-

@6ff8odgfa
Internal Server Error (500) for request POST /newsct/editnewscnd

Database error (In {module:f10Common}/app/dbutils/CustomDbUtil.java around line 164)
A database error occured : Data truncation: Data too long for column 'name' at row 1 Query: UPDATE user_template SET NAME = ?, content = ? WHERE id = ? AND uid = ? and utype = ? Parameters: [jQuery172010374946876529989_1378264501033jQuery17209166185210340544_13782676632211, {}, 861, 1, nt]

play.exceptions.DatabaseException: Data truncation: Data too long for column 'name' at row 1 Query: UPDATE user_template
SET NAME = ?, content = ?
WHERE id = ? AND uid = ? and utype = ? Parameters: [jQuery172010374946876529989_1378264501033jQuery17209166185210340544_13782676632211, {}, 861, 1, nt]
	at dbutils.CustomDbUtil.updateCustomDB(CustomDbUtil.java:166)
	at bussiness.TemplateService.editUserTemplateById(TemplateService.java:93)
	at controllers.NewsCt.editUserTemplate(NewsCt.java:253)
	at controllers.NewsCt.editNewsCnd(NewsCt.java:242)
	at play.mvc.ActionInvoker.invokeWithContinuation(ActionInvoker.java:557)
	at play.mvc.ActionInvoker.invoke(ActionInvoker.java:508)
	at play.mvc.ActionInvoker.invokeControllerMethod(ActionInvoker.java:484)
	at play.mvc.ActionInvoker.invokeControllerMethod(ActionInvoker.java:479)
	at play.mvc.ActionInvoker.invoke(ActionInvoker.java:161)
	at Invocation.HTTP Request(Play!)
Caused by: java.sql.SQLException: Data truncation: Data too long for column 'name' at row 1 Query: UPDATE user_template
SET NAME = ?, content = ?
WHERE id = ? AND uid = ? and utype = ? Parameters: [jQuery172010374946876529989_1378264501033jQuery17209166185210340544_13782676632211, {}, 861, 1, nt]
	at org.apache.commons.dbutils.AbstractQueryRunner.rethrow(AbstractQueryRunner.java:363)
	at org.apache.commons.dbutils.QueryRunner.update(QueryRunner.java:490)
	at org.apache.commons.dbutils.QueryRunner.update(QueryRunner.java:403)
	at dbutils.CustomDbUtil.updateCustomDB(CustomDbUtil.java:164)
	... 9 more
play-thread-1-ERROR-[2013-09-04 15:00:57,134]-play.Logger.niceThrowable(Logger.java:571)-

@6ffh6339k
Internal Server Error (500) for request POST /newsct/advancemorenews?pageNo=%7B%7D

Execution exception (In /app/controllers/NewsCt.java around line 97)
IllegalStateException occured : Not a JSON Object: null

play.exceptions.JavaExecutionException: Not a JSON Object: null
	at play.mvc.ActionInvoker.invoke(ActionInvoker.java:237)
	at Invocation.HTTP Request(Play!)
Caused by: java.lang.IllegalStateException: Not a JSON Object: null
	at com.google.gson.JsonElement.getAsJsonObject(JsonElement.java:84)
	at controllers.NewsCt.advanceMoreNews(NewsCt.java:97)
	at play.mvc.ActionInvoker.invokeWithContinuation(ActionInvoker.java:557)
	at play.mvc.ActionInvoker.invoke(ActionInvoker.java:508)
	at play.mvc.ActionInvoker.invokeControllerMethod(ActionInvoker.java:484)
	at play.mvc.ActionInvoker.invokeControllerMethod(ActionInvoker.java:479)
	at play.mvc.ActionInvoker.invoke(ActionInvoker.java:161)
	... 1 more
play-thread-1-ERROR-[2013-09-04 15:01:04,198]-play.Logger.niceThrowable(Logger.java:571)-

@6ffh6339l
Internal Server Error (500) for request POST /newsct/advancemorenews?pageNo=%7B%7D

Execution exception (In /app/controllers/NewsCt.java around line 97)
IllegalStateException occured : Not a JSON Object: null

play.exceptions.JavaExecutionException: Not a JSON Object: null
	at play.mvc.ActionInvoker.invoke(ActionInvoker.java:237)
	at Invocation.HTTP Request(Play!)
Caused by: java.lang.IllegalStateException: Not a JSON Object: null
	at com.google.gson.JsonElement.getAsJsonObject(JsonElement.java:84)
	at controllers.NewsCt.advanceMoreNews(NewsCt.java:97)
	at play.mvc.ActionInvoker.invokeWithContinuation(ActionInvoker.java:557)
	at play.mvc.ActionInvoker.invoke(ActionInvoker.java:508)
	at play.mvc.ActionInvoker.invokeControllerMethod(ActionInvoker.java:484)
	at play.mvc.ActionInvoker.invokeControllerMethod(ActionInvoker.java:479)
	at play.mvc.ActionInvoker.invoke(ActionInvoker.java:161)
	... 1 more
play-thread-1-ERROR-[2013-09-04 15:01:06,292]-play.Logger.niceThrowable(Logger.java:571)-

@6ffh6339m
Internal Server Error (500) for request POST /newsct/advancemorenews?pageNo=%7B%7D

Execution exception (In /app/controllers/NewsCt.java around line 97)
IllegalStateException occured : Not a JSON Object: null

play.exceptions.JavaExecutionException: Not a JSON Object: null
	at play.mvc.ActionInvoker.invoke(ActionInvoker.java:237)
	at Invocation.HTTP Request(Play!)
Caused by: java.lang.IllegalStateException: Not a JSON Object: null
	at com.google.gson.JsonElement.getAsJsonObject(JsonElement.java:84)
	at controllers.NewsCt.advanceMoreNews(NewsCt.java:97)
	at play.mvc.ActionInvoker.invokeWithContinuation(ActionInvoker.java:557)
	at play.mvc.ActionInvoker.invoke(ActionInvoker.java:508)
	at play.mvc.ActionInvoker.invokeControllerMethod(ActionInvoker.java:484)
	at play.mvc.ActionInvoker.invokeControllerMethod(ActionInvoker.java:479)
	at play.mvc.ActionInvoker.invoke(ActionInvoker.java:161)
	... 1 more
play-thread-1-ERROR-[2013-09-04 15:05:21,674]-play.Logger.niceThrowable(Logger.java:571)-

@6ffh6i4kl
Internal Server Error (500) for request POST /newsct/advancemorenews

Execution exception (In /app/controllers/NewsCt.java around line 97)
IllegalStateException occured : Not a JSON Object: null

play.exceptions.JavaExecutionException: Not a JSON Object: null
	at play.mvc.ActionInvoker.invoke(ActionInvoker.java:237)
	at Invocation.HTTP Request(Play!)
Caused by: java.lang.IllegalStateException: Not a JSON Object: null
	at com.google.gson.JsonElement.getAsJsonObject(JsonElement.java:84)
	at controllers.NewsCt.advanceMoreNews(NewsCt.java:97)
	at play.mvc.ActionInvoker.invokeWithContinuation(ActionInvoker.java:557)
	at play.mvc.ActionInvoker.invoke(ActionInvoker.java:508)
	at play.mvc.ActionInvoker.invokeControllerMethod(ActionInvoker.java:484)
	at play.mvc.ActionInvoker.invokeControllerMethod(ActionInvoker.java:479)
	at play.mvc.ActionInvoker.invoke(ActionInvoker.java:161)
	... 1 more
play-thread-1-ERROR-[2013-09-04 15:05:52,993]-play.Logger.niceThrowable(Logger.java:571)-

@6ffh6i4km
Internal Server Error (500) for request POST /newsct/advancemorenews

Execution exception (In /app/controllers/NewsCt.java around line 97)
IllegalStateException occured : Not a JSON Object: null

play.exceptions.JavaExecutionException: Not a JSON Object: null
	at play.mvc.ActionInvoker.invoke(ActionInvoker.java:237)
	at Invocation.HTTP Request(Play!)
Caused by: java.lang.IllegalStateException: Not a JSON Object: null
	at com.google.gson.JsonElement.getAsJsonObject(JsonElement.java:84)
	at controllers.NewsCt.advanceMoreNews(NewsCt.java:97)
	at play.mvc.ActionInvoker.invokeWithContinuation(ActionInvoker.java:557)
	at play.mvc.ActionInvoker.invoke(ActionInvoker.java:508)
	at play.mvc.ActionInvoker.invokeControllerMethod(ActionInvoker.java:484)
	at play.mvc.ActionInvoker.invokeControllerMethod(ActionInvoker.java:479)
	at play.mvc.ActionInvoker.invoke(ActionInvoker.java:161)
	... 1 more
play-thread-1-ERROR-[2013-09-04 15:05:59,744]-play.Logger.niceThrowable(Logger.java:571)-

@6ffh6i4kn
Internal Server Error (500) for request POST /newsct/advancemorenews

Execution exception (In /app/controllers/NewsCt.java around line 97)
IllegalStateException occured : Not a JSON Object: null

play.exceptions.JavaExecutionException: Not a JSON Object: null
	at play.mvc.ActionInvoker.invoke(ActionInvoker.java:237)
	at Invocation.HTTP Request(Play!)
Caused by: java.lang.IllegalStateException: Not a JSON Object: null
	at com.google.gson.JsonElement.getAsJsonObject(JsonElement.java:84)
	at controllers.NewsCt.advanceMoreNews(NewsCt.java:97)
	at play.mvc.ActionInvoker.invokeWithContinuation(ActionInvoker.java:557)
	at play.mvc.ActionInvoker.invoke(ActionInvoker.java:508)
	at play.mvc.ActionInvoker.invokeControllerMethod(ActionInvoker.java:484)
	at play.mvc.ActionInvoker.invokeControllerMethod(ActionInvoker.java:479)
	at play.mvc.ActionInvoker.invoke(ActionInvoker.java:161)
	... 1 more
play-thread-1-ERROR-[2013-09-04 15:07:00,695]-play.Logger.niceThrowable(Logger.java:571)-

@6ffh6i4ko
Internal Server Error (500) for request POST /newsct/advancemorenews

Execution exception (In /app/controllers/NewsCt.java around line 97)
IllegalStateException occured : Not a JSON Object: null

play.exceptions.JavaExecutionException: Not a JSON Object: null
	at play.mvc.ActionInvoker.invoke(ActionInvoker.java:237)
	at Invocation.HTTP Request(Play!)
Caused by: java.lang.IllegalStateException: Not a JSON Object: null
	at com.google.gson.JsonElement.getAsJsonObject(JsonElement.java:84)
	at controllers.NewsCt.advanceMoreNews(NewsCt.java:97)
	at play.mvc.ActionInvoker.invokeWithContinuation(ActionInvoker.java:557)
	at play.mvc.ActionInvoker.invoke(ActionInvoker.java:508)
	at play.mvc.ActionInvoker.invokeControllerMethod(ActionInvoker.java:484)
	at play.mvc.ActionInvoker.invokeControllerMethod(ActionInvoker.java:479)
	at play.mvc.ActionInvoker.invoke(ActionInvoker.java:161)
	... 1 more
play-thread-1-ERROR-[2013-09-04 15:07:03,774]-play.Logger.niceThrowable(Logger.java:571)-

@6ffh6i4kp
Internal Server Error (500) for request POST /newsct/advancemorenews

Execution exception (In /app/controllers/NewsCt.java around line 97)
IllegalStateException occured : Not a JSON Object: null

play.exceptions.JavaExecutionException: Not a JSON Object: null
	at play.mvc.ActionInvoker.invoke(ActionInvoker.java:237)
	at Invocation.HTTP Request(Play!)
Caused by: java.lang.IllegalStateException: Not a JSON Object: null
	at com.google.gson.JsonElement.getAsJsonObject(JsonElement.java:84)
	at controllers.NewsCt.advanceMoreNews(NewsCt.java:97)
	at play.mvc.ActionInvoker.invokeWithContinuation(ActionInvoker.java:557)
	at play.mvc.ActionInvoker.invoke(ActionInvoker.java:508)
	at play.mvc.ActionInvoker.invokeControllerMethod(ActionInvoker.java:484)
	at play.mvc.ActionInvoker.invokeControllerMethod(ActionInvoker.java:479)
	at play.mvc.ActionInvoker.invoke(ActionInvoker.java:161)
	... 1 more
play-thread-1-ERROR-[2013-09-04 15:07:53,425]-play.Logger.niceThrowable(Logger.java:571)-

@6ffh6i4l0
Internal Server Error (500) for request POST /newsct/advancemorenews

Execution exception (In /app/controllers/NewsCt.java around line 97)
IllegalStateException occured : Not a JSON Object: null

play.exceptions.JavaExecutionException: Not a JSON Object: null
	at play.mvc.ActionInvoker.invoke(ActionInvoker.java:237)
	at Invocation.HTTP Request(Play!)
Caused by: java.lang.IllegalStateException: Not a JSON Object: null
	at com.google.gson.JsonElement.getAsJsonObject(JsonElement.java:84)
	at controllers.NewsCt.advanceMoreNews(NewsCt.java:97)
	at play.mvc.ActionInvoker.invokeWithContinuation(ActionInvoker.java:557)
	at play.mvc.ActionInvoker.invoke(ActionInvoker.java:508)
	at play.mvc.ActionInvoker.invokeControllerMethod(ActionInvoker.java:484)
	at play.mvc.ActionInvoker.invokeControllerMethod(ActionInvoker.java:479)
	at play.mvc.ActionInvoker.invoke(ActionInvoker.java:161)
	... 1 more
play-thread-1-ERROR-[2013-09-04 15:08:06,521]-play.Logger.niceThrowable(Logger.java:571)-

@6ffh6i4l1
Internal Server Error (500) for request POST /newsct/advancemorenews

Execution exception (In /app/controllers/NewsCt.java around line 97)
IllegalStateException occured : Not a JSON Object: null

play.exceptions.JavaExecutionException: Not a JSON Object: null
	at play.mvc.ActionInvoker.invoke(ActionInvoker.java:237)
	at Invocation.HTTP Request(Play!)
Caused by: java.lang.IllegalStateException: Not a JSON Object: null
	at com.google.gson.JsonElement.getAsJsonObject(JsonElement.java:84)
	at controllers.NewsCt.advanceMoreNews(NewsCt.java:97)
	at play.mvc.ActionInvoker.invokeWithContinuation(ActionInvoker.java:557)
	at play.mvc.ActionInvoker.invoke(ActionInvoker.java:508)
	at play.mvc.ActionInvoker.invokeControllerMethod(ActionInvoker.java:484)
	at play.mvc.ActionInvoker.invokeControllerMethod(ActionInvoker.java:479)
	at play.mvc.ActionInvoker.invoke(ActionInvoker.java:161)
	... 1 more
play-thread-1-ERROR-[2013-09-04 15:09:33,586]-play.Logger.niceThrowable(Logger.java:571)-

@6ffh6i4l2
Internal Server Error (500) for request POST /newsct/advancemorenews

Execution exception (In /app/controllers/NewsCt.java around line 97)
IllegalStateException occured : Not a JSON Object: null

play.exceptions.JavaExecutionException: Not a JSON Object: null
	at play.mvc.ActionInvoker.invoke(ActionInvoker.java:237)
	at Invocation.HTTP Request(Play!)
Caused by: java.lang.IllegalStateException: Not a JSON Object: null
	at com.google.gson.JsonElement.getAsJsonObject(JsonElement.java:84)
	at controllers.NewsCt.advanceMoreNews(NewsCt.java:97)
	at play.mvc.ActionInvoker.invokeWithContinuation(ActionInvoker.java:557)
	at play.mvc.ActionInvoker.invoke(ActionInvoker.java:508)
	at play.mvc.ActionInvoker.invokeControllerMethod(ActionInvoker.java:484)
	at play.mvc.ActionInvoker.invokeControllerMethod(ActionInvoker.java:479)
	at play.mvc.ActionInvoker.invoke(ActionInvoker.java:161)
	... 1 more
play-thread-1-ERROR-[2013-09-04 15:11:17,077]-play.Logger.niceThrowable(Logger.java:571)-

@6ffh6i4l3
Internal Server Error (500) for request POST /newsct/advancemorenews

Execution exception (In /app/controllers/NewsCt.java around line 97)
IllegalStateException occured : Not a JSON Object: null

play.exceptions.JavaExecutionException: Not a JSON Object: null
	at play.mvc.ActionInvoker.invoke(ActionInvoker.java:237)
	at Invocation.HTTP Request(Play!)
Caused by: java.lang.IllegalStateException: Not a JSON Object: null
	at com.google.gson.JsonElement.getAsJsonObject(JsonElement.java:84)
	at controllers.NewsCt.advanceMoreNews(NewsCt.java:97)
	at play.mvc.ActionInvoker.invokeWithContinuation(ActionInvoker.java:557)
	at play.mvc.ActionInvoker.invoke(ActionInvoker.java:508)
	at play.mvc.ActionInvoker.invokeControllerMethod(ActionInvoker.java:484)
	at play.mvc.ActionInvoker.invokeControllerMethod(ActionInvoker.java:479)
	at play.mvc.ActionInvoker.invoke(ActionInvoker.java:161)
	... 1 more
play-thread-1-ERROR-[2013-09-04 15:15:18,456]-play.Logger.niceThrowable(Logger.java:571)-

@6ffh6i4l4
Internal Server Error (500) for request POST /newsct/advancemorenews

Execution exception (In /app/controllers/NewsCt.java around line 97)
IllegalStateException occured : Not a JSON Object: null

play.exceptions.JavaExecutionException: Not a JSON Object: null
	at play.mvc.ActionInvoker.invoke(ActionInvoker.java:237)
	at Invocation.HTTP Request(Play!)
Caused by: java.lang.IllegalStateException: Not a JSON Object: null
	at com.google.gson.JsonElement.getAsJsonObject(JsonElement.java:84)
	at controllers.NewsCt.advanceMoreNews(NewsCt.java:97)
	at play.mvc.ActionInvoker.invokeWithContinuation(ActionInvoker.java:557)
	at play.mvc.ActionInvoker.invoke(ActionInvoker.java:508)
	at play.mvc.ActionInvoker.invokeControllerMethod(ActionInvoker.java:484)
	at play.mvc.ActionInvoker.invokeControllerMethod(ActionInvoker.java:479)
	at play.mvc.ActionInvoker.invoke(ActionInvoker.java:161)
	... 1 more
play-thread-1-ERROR-[2013-09-04 15:16:16,828]-play.Logger.niceThrowable(Logger.java:571)-

@6ffh6i4l5
Internal Server Error (500) for request POST /newsct/advancemorenews

Execution exception (In /app/controllers/NewsCt.java around line 97)
IllegalStateException occured : Not a JSON Object: null

play.exceptions.JavaExecutionException: Not a JSON Object: null
	at play.mvc.ActionInvoker.invoke(ActionInvoker.java:237)
	at Invocation.HTTP Request(Play!)
Caused by: java.lang.IllegalStateException: Not a JSON Object: null
	at com.google.gson.JsonElement.getAsJsonObject(JsonElement.java:84)
	at controllers.NewsCt.advanceMoreNews(NewsCt.java:97)
	at play.mvc.ActionInvoker.invokeWithContinuation(ActionInvoker.java:557)
	at play.mvc.ActionInvoker.invoke(ActionInvoker.java:508)
	at play.mvc.ActionInvoker.invokeControllerMethod(ActionInvoker.java:484)
	at play.mvc.ActionInvoker.invokeControllerMethod(ActionInvoker.java:479)
	at play.mvc.ActionInvoker.invoke(ActionInvoker.java:161)
	... 1 more
play-thread-1-ERROR-[2013-09-04 15:16:19,578]-play.Logger.niceThrowable(Logger.java:571)-

@6ffh6i4l6
Internal Server Error (500) for request POST /newsct/advancemorenews

Execution exception (In /app/controllers/NewsCt.java around line 97)
IllegalStateException occured : Not a JSON Object: null

play.exceptions.JavaExecutionException: Not a JSON Object: null
	at play.mvc.ActionInvoker.invoke(ActionInvoker.java:237)
	at Invocation.HTTP Request(Play!)
Caused by: java.lang.IllegalStateException: Not a JSON Object: null
	at com.google.gson.JsonElement.getAsJsonObject(JsonElement.java:84)
	at controllers.NewsCt.advanceMoreNews(NewsCt.java:97)
	at play.mvc.ActionInvoker.invokeWithContinuation(ActionInvoker.java:557)
	at play.mvc.ActionInvoker.invoke(ActionInvoker.java:508)
	at play.mvc.ActionInvoker.invokeControllerMethod(ActionInvoker.java:484)
	at play.mvc.ActionInvoker.invokeControllerMethod(ActionInvoker.java:479)
	at play.mvc.ActionInvoker.invoke(ActionInvoker.java:161)
	... 1 more
play-thread-1-ERROR-[2013-09-04 15:29:23,588]-play.Logger.niceThrowable(Logger.java:571)-

@6ffh6i4l7
Internal Server Error (500) for request POST /newsct/advancemorenews?pageNo=861

Execution exception (In /app/controllers/NewsCt.java around line 97)
IllegalStateException occured : Not a JSON Object: null

play.exceptions.JavaExecutionException: Not a JSON Object: null
	at play.mvc.ActionInvoker.invoke(ActionInvoker.java:237)
	at Invocation.HTTP Request(Play!)
Caused by: java.lang.IllegalStateException: Not a JSON Object: null
	at com.google.gson.JsonElement.getAsJsonObject(JsonElement.java:84)
	at controllers.NewsCt.advanceMoreNews(NewsCt.java:97)
	at play.mvc.ActionInvoker.invokeWithContinuation(ActionInvoker.java:557)
	at play.mvc.ActionInvoker.invoke(ActionInvoker.java:508)
	at play.mvc.ActionInvoker.invokeControllerMethod(ActionInvoker.java:484)
	at play.mvc.ActionInvoker.invokeControllerMethod(ActionInvoker.java:479)
	at play.mvc.ActionInvoker.invoke(ActionInvoker.java:161)
	... 1 more
play-thread-1-ERROR-[2013-09-04 15:31:49,337]-play.Logger.niceThrowable(Logger.java:571)-

@6ffh6i4l8
Internal Server Error (500) for request POST /newsct/advancemorenews?pageNo=861

Execution exception (In /app/controllers/NewsCt.java around line 97)
IllegalStateException occured : Not a JSON Object: null

play.exceptions.JavaExecutionException: Not a JSON Object: null
	at play.mvc.ActionInvoker.invoke(ActionInvoker.java:237)
	at Invocation.HTTP Request(Play!)
Caused by: java.lang.IllegalStateException: Not a JSON Object: null
	at com.google.gson.JsonElement.getAsJsonObject(JsonElement.java:84)
	at controllers.NewsCt.advanceMoreNews(NewsCt.java:97)
	at play.mvc.ActionInvoker.invokeWithContinuation(ActionInvoker.java:557)
	at play.mvc.ActionInvoker.invoke(ActionInvoker.java:508)
	at play.mvc.ActionInvoker.invokeControllerMethod(ActionInvoker.java:484)
	at play.mvc.ActionInvoker.invokeControllerMethod(ActionInvoker.java:479)
	at play.mvc.ActionInvoker.invoke(ActionInvoker.java:161)
	... 1 more
play-thread-1-ERROR-[2013-09-04 15:31:53,338]-play.Logger.niceThrowable(Logger.java:571)-

@6ffh6i4l9
Internal Server Error (500) for request GET /newsct/ordernews?id=861

Compilation error (In /app/controllers/NewsCt.java around line 94)
The file /app/controllers/NewsCt.java could not be compiled. Error raised is : The method fetchUserTemplateContentById(Long, UserComposeInfo) in the type TemplateService is not applicable for the arguments (int, UserComposeInfo)

play.exceptions.CompilationException: The method fetchUserTemplateContentById(Long, UserComposeInfo) in the type TemplateService is not applicable for the arguments (int, UserComposeInfo)
	at play.classloading.ApplicationCompiler$2.acceptResult(ApplicationCompiler.java:246)
	at org.eclipse.jdt.internal.compiler.Compiler.handleInternalException(Compiler.java:676)
	at org.eclipse.jdt.internal.compiler.Compiler.compile(Compiler.java:520)
	at play.classloading.ApplicationCompiler.compile(ApplicationCompiler.java:282)
	at play.classloading.ApplicationClasses$ApplicationClass.compile(ApplicationClasses.java:281)
	at play.classloading.ApplicationClassloader.detectChanges(ApplicationClassloader.java:322)
	at play.Play.detectChanges(Play.java:632)
	at play.Invoker$Invocation.init(Invoker.java:197)
	at Invocation.HTTP Request(Play!)
play-thread-1-ERROR-[2013-09-04 15:58:09,640]-play.Logger.niceThrowable(Logger.java:571)-

@6ffh6i4la
Internal Server Error (500) for request POST /newsct/advancemorenews

Execution exception (In /app/controllers/NewsCt.java around line 97)
IllegalStateException occured : Not a JSON Object: null

play.exceptions.JavaExecutionException: Not a JSON Object: null
	at play.mvc.ActionInvoker.invoke(ActionInvoker.java:237)
	at Invocation.HTTP Request(Play!)
Caused by: java.lang.IllegalStateException: Not a JSON Object: null
	at com.google.gson.JsonElement.getAsJsonObject(JsonElement.java:84)
	at controllers.NewsCt.advanceMoreNews(NewsCt.java:97)
	at play.mvc.ActionInvoker.invokeWithContinuation(ActionInvoker.java:557)
	at play.mvc.ActionInvoker.invoke(ActionInvoker.java:508)
	at play.mvc.ActionInvoker.invokeControllerMethod(ActionInvoker.java:484)
	at play.mvc.ActionInvoker.invokeControllerMethod(ActionInvoker.java:479)
	at play.mvc.ActionInvoker.invoke(ActionInvoker.java:161)
	... 1 more
play-thread-1-ERROR-[2013-09-04 15:58:23,096]-play.Logger.niceThrowable(Logger.java:571)-

@6ffh6i4lb
Internal Server Error (500) for request POST /newsct/advancemorenews

Execution exception (In /app/controllers/NewsCt.java around line 97)
IllegalStateException occured : Not a JSON Object: null

play.exceptions.JavaExecutionException: Not a JSON Object: null
	at play.mvc.ActionInvoker.invoke(ActionInvoker.java:237)
	at Invocation.HTTP Request(Play!)
Caused by: java.lang.IllegalStateException: Not a JSON Object: null
	at com.google.gson.JsonElement.getAsJsonObject(JsonElement.java:84)
	at controllers.NewsCt.advanceMoreNews(NewsCt.java:97)
	at play.mvc.ActionInvoker.invokeWithContinuation(ActionInvoker.java:557)
	at play.mvc.ActionInvoker.invoke(ActionInvoker.java:508)
	at play.mvc.ActionInvoker.invokeControllerMethod(ActionInvoker.java:484)
	at play.mvc.ActionInvoker.invokeControllerMethod(ActionInvoker.java:479)
	at play.mvc.ActionInvoker.invoke(ActionInvoker.java:161)
	... 1 more
play-thread-1-ERROR-[2013-09-04 15:58:27,878]-play.Logger.niceThrowable(Logger.java:571)-

@6ffh6i4lc
Internal Server Error (500) for request POST /newsct/advancemorenews

Execution exception (In /app/controllers/NewsCt.java around line 97)
IllegalStateException occured : Not a JSON Object: null

play.exceptions.JavaExecutionException: Not a JSON Object: null
	at play.mvc.ActionInvoker.invoke(ActionInvoker.java:237)
	at Invocation.HTTP Request(Play!)
Caused by: java.lang.IllegalStateException: Not a JSON Object: null
	at com.google.gson.JsonElement.getAsJsonObject(JsonElement.java:84)
	at controllers.NewsCt.advanceMoreNews(NewsCt.java:97)
	at play.mvc.ActionInvoker.invokeWithContinuation(ActionInvoker.java:557)
	at play.mvc.ActionInvoker.invoke(ActionInvoker.java:508)
	at play.mvc.ActionInvoker.invokeControllerMethod(ActionInvoker.java:484)
	at play.mvc.ActionInvoker.invokeControllerMethod(ActionInvoker.java:479)
	at play.mvc.ActionInvoker.invoke(ActionInvoker.java:161)
	... 1 more
play-thread-1-ERROR-[2013-09-04 15:58:47,679]-play.Logger.niceThrowable(Logger.java:571)-

@6ffh6i4ld
Internal Server Error (500) for request POST /newsct/advancemorenews

Execution exception (In /app/controllers/NewsCt.java around line 97)
IllegalStateException occured : Not a JSON Object: null

play.exceptions.JavaExecutionException: Not a JSON Object: null
	at play.mvc.ActionInvoker.invoke(ActionInvoker.java:237)
	at Invocation.HTTP Request(Play!)
Caused by: java.lang.IllegalStateException: Not a JSON Object: null
	at com.google.gson.JsonElement.getAsJsonObject(JsonElement.java:84)
	at controllers.NewsCt.advanceMoreNews(NewsCt.java:97)
	at play.mvc.ActionInvoker.invokeWithContinuation(ActionInvoker.java:557)
	at play.mvc.ActionInvoker.invoke(ActionInvoker.java:508)
	at play.mvc.ActionInvoker.invokeControllerMethod(ActionInvoker.java:484)
	at play.mvc.ActionInvoker.invokeControllerMethod(ActionInvoker.java:479)
	at play.mvc.ActionInvoker.invoke(ActionInvoker.java:161)
	... 1 more
play-thread-1-ERROR-[2013-09-04 15:58:50,867]-play.Logger.niceThrowable(Logger.java:571)-

@6ffh6i4le
Internal Server Error (500) for request POST /newsct/advancemorenews

Execution exception (In /app/controllers/NewsCt.java around line 97)
IllegalStateException occured : Not a JSON Object: null

play.exceptions.JavaExecutionException: Not a JSON Object: null
	at play.mvc.ActionInvoker.invoke(ActionInvoker.java:237)
	at Invocation.HTTP Request(Play!)
Caused by: java.lang.IllegalStateException: Not a JSON Object: null
	at com.google.gson.JsonElement.getAsJsonObject(JsonElement.java:84)
	at controllers.NewsCt.advanceMoreNews(NewsCt.java:97)
	at play.mvc.ActionInvoker.invokeWithContinuation(ActionInvoker.java:557)
	at play.mvc.ActionInvoker.invoke(ActionInvoker.java:508)
	at play.mvc.ActionInvoker.invokeControllerMethod(ActionInvoker.java:484)
	at play.mvc.ActionInvoker.invokeControllerMethod(ActionInvoker.java:479)
	at play.mvc.ActionInvoker.invoke(ActionInvoker.java:161)
	... 1 more
play-thread-1-ERROR-[2013-09-04 16:12:30,634]-play.Logger.niceThrowable(Logger.java:571)-

@6ffh6i4lf
Internal Server Error (500) for request POST /newsct/advancemorenews

Execution exception (In /app/controllers/NewsCt.java around line 97)
IllegalStateException occured : Not a JSON Object: null

play.exceptions.JavaExecutionException: Not a JSON Object: null
	at play.mvc.ActionInvoker.invoke(ActionInvoker.java:237)
	at Invocation.HTTP Request(Play!)
Caused by: java.lang.IllegalStateException: Not a JSON Object: null
	at com.google.gson.JsonElement.getAsJsonObject(JsonElement.java:84)
	at controllers.NewsCt.advanceMoreNews(NewsCt.java:97)
	at play.mvc.ActionInvoker.invokeWithContinuation(ActionInvoker.java:557)
	at play.mvc.ActionInvoker.invoke(ActionInvoker.java:508)
	at play.mvc.ActionInvoker.invokeControllerMethod(ActionInvoker.java:484)
	at play.mvc.ActionInvoker.invokeControllerMethod(ActionInvoker.java:479)
	at play.mvc.ActionInvoker.invoke(ActionInvoker.java:161)
	... 1 more
play-thread-1-ERROR-[2013-09-04 16:12:33,572]-play.Logger.niceThrowable(Logger.java:571)-

@6ffh6i4lg
Internal Server Error (500) for request POST /newsct/advancemorenews

Execution exception (In /app/controllers/NewsCt.java around line 97)
IllegalStateException occured : Not a JSON Object: null

play.exceptions.JavaExecutionException: Not a JSON Object: null
	at play.mvc.ActionInvoker.invoke(ActionInvoker.java:237)
	at Invocation.HTTP Request(Play!)
Caused by: java.lang.IllegalStateException: Not a JSON Object: null
	at com.google.gson.JsonElement.getAsJsonObject(JsonElement.java:84)
	at controllers.NewsCt.advanceMoreNews(NewsCt.java:97)
	at play.mvc.ActionInvoker.invokeWithContinuation(ActionInvoker.java:557)
	at play.mvc.ActionInvoker.invoke(ActionInvoker.java:508)
	at play.mvc.ActionInvoker.invokeControllerMethod(ActionInvoker.java:484)
	at play.mvc.ActionInvoker.invokeControllerMethod(ActionInvoker.java:479)
	at play.mvc.ActionInvoker.invoke(ActionInvoker.java:161)
	... 1 more
play-thread-1-ERROR-[2013-09-04 16:12:41,746]-play.Logger.niceThrowable(Logger.java:571)-

@6ffh6i4lh
Internal Server Error (500) for request POST /newsct/advancemorenews

Execution exception (In /app/controllers/NewsCt.java around line 97)
IllegalStateException occured : Not a JSON Object: null

play.exceptions.JavaExecutionException: Not a JSON Object: null
	at play.mvc.ActionInvoker.invoke(ActionInvoker.java:237)
	at Invocation.HTTP Request(Play!)
Caused by: java.lang.IllegalStateException: Not a JSON Object: null
	at com.google.gson.JsonElement.getAsJsonObject(JsonElement.java:84)
	at controllers.NewsCt.advanceMoreNews(NewsCt.java:97)
	at play.mvc.ActionInvoker.invokeWithContinuation(ActionInvoker.java:557)
	at play.mvc.ActionInvoker.invoke(ActionInvoker.java:508)
	at play.mvc.ActionInvoker.invokeControllerMethod(ActionInvoker.java:484)
	at play.mvc.ActionInvoker.invokeControllerMethod(ActionInvoker.java:479)
	at play.mvc.ActionInvoker.invoke(ActionInvoker.java:161)
	... 1 more
